#
# There is insufficient memory for the Java Runtime Environment to continue.
# Native memory allocation (malloc) failed to allocate 1007776 bytes for Chunk::new
# Possible reasons:
#   The system is out of physical RAM or swap space
#   The process is running with CompressedOops enabled, and the Java Heap may be blocking the growth of the native heap
# Possible solutions:
#   Reduce memory load on the system
#   Increase physical memory or swap space
#   Check if swap backing store is full
#   Decrease Java heap size (-Xmx/-Xms)
#   Decrease number of Java threads
#   Decrease Java thread stack sizes (-Xss)
#   Set larger code cache with -XX:ReservedCodeCacheSize=
#   JVM is running with Unscaled Compressed Oops mode in which the Java heap is
#     placed in the first 4GB address space. The Java Heap base address is the
#     maximum limit for the native heap growth. Please use -XX:HeapBaseMinAddress
#     to set the Java Heap base and to place the Java Heap above 4GB virtual address.
# This output file may be truncated or incomplete.
#
#  Out of Memory Error (allocation.cpp:389), pid=11664, tid=0x0000000000005838
#
# JRE version: OpenJDK Runtime Environment (8.0_212-b04) (build 1.8.0_212-release-1586-b04)
# Java VM: OpenJDK 64-Bit Server VM (25.212-b04 mixed mode windows-amd64 compressed oops)
# Failed to write core dump. Minidumps are not enabled by default on client versions of Windows
#

---------------  T H R E A D  ---------------

Current thread (0x0000000018d0d800):  JavaThread "C2 CompilerThread1" daemon [_thread_in_native, id=22584, stack(0x00000000193c0000,0x00000000194c0000)]

Stack: [0x00000000193c0000,0x00000000194c0000]
[error occurred during error reporting (printing stack bounds), id 0xc0000005]

Native frames: (J=compiled Java code, j=interpreted, Vv=VM code, C=native code)


Current CompileTask:
C2:   6709 3311       4       org.objectweb.asm.Frame::execute (2318 bytes)


---------------  P R O C E S S  ---------------

Java Threads: ( => current thread )
  0x000000001dab9800 JavaThread "Build operations Thread 6" [_thread_blocked, id=39776, stack(0x0000000022f50000,0x0000000023050000)]
  0x000000001dabc800 JavaThread "Build operations Thread 5" [_thread_blocked, id=26336, stack(0x0000000022e50000,0x0000000022f50000)]
  0x000000001dabe000 JavaThread "Build operations Thread 4" [_thread_blocked, id=4204, stack(0x0000000022d50000,0x0000000022e50000)]
  0x000000001dabd000 JavaThread "Build operations Thread 3" [_thread_blocked, id=19584, stack(0x0000000022c50000,0x0000000022d50000)]
  0x000000001dab5800 JavaThread "Build operations Thread 2" [_thread_blocked, id=36952, stack(0x0000000021aa0000,0x0000000021ba0000)]
  0x000000001dab5000 JavaThread "Build operations" [_thread_blocked, id=3536, stack(0x00000000219a0000,0x0000000021aa0000)]
  0x000000001dab4000 JavaThread "Cache worker for execution history cache (C:\Users\admin\.gradle\caches\5.6.4\executionHistory)" [_thread_blocked, id=37744, stack(0x00000000216a0000,0x00000000217a0000)]
  0x000000001dab8000 JavaThread "Cache worker for cache directory md-rule (C:\Users\admin\.gradle\caches\5.6.4\md-rule)" [_thread_blocked, id=4776, stack(0x00000000213a0000,0x00000000214a0000)]
  0x000000001b49d000 JavaThread "Cache worker for cache directory md-supplier (C:\Users\admin\.gradle\caches\5.6.4\md-supplier)" [_thread_blocked, id=38552, stack(0x000000001f960000,0x000000001fa60000)]
  0x000000001b49e800 JavaThread "Cache worker for file hash cache (D:\xianlingSdk\.gradle\5.6.4\fileHashes)" [_thread_blocked, id=10236, stack(0x000000001f640000,0x000000001f740000)]
  0x000000001b49d800 JavaThread "Cache worker for journal cache (C:\Users\admin\.gradle\caches\journal-1)" [_thread_blocked, id=24944, stack(0x000000001d310000,0x000000001d410000)]
  0x000000001b49f000 JavaThread "File lock request listener" [_thread_in_native, id=37784, stack(0x000000001d210000,0x000000001d310000)]
  0x000000001b4a0000 JavaThread "Cache worker for file hash cache (C:\Users\admin\.gradle\caches\5.6.4\fileHashes)" [_thread_blocked, id=38968, stack(0x000000001ce10000,0x000000001cf10000)]
  0x000000001b30c000 JavaThread "Thread-9" [_thread_blocked, id=35756, stack(0x000000001cd10000,0x000000001ce10000)]
  0x000000001b390800 JavaThread "Stdin handler" [_thread_blocked, id=37252, stack(0x000000001cc10000,0x000000001cd10000)]
  0x000000001b316000 JavaThread "Asynchronous log dispatcher for DefaultDaemonConnection: socket connection from /127.0.0.1:56603 to /127.0.0.1:56605" [_thread_blocked, id=37000, stack(0x000000001cb10000,0x000000001cc10000)]
  0x000000001b2f2000 JavaThread "Daemon worker" [_thread_in_Java, id=13292, stack(0x000000001ca10000,0x000000001cb10000)]
  0x000000001b314800 JavaThread "Cancel handler" [_thread_blocked, id=33828, stack(0x000000001c910000,0x000000001ca10000)]
  0x000000001b2bc000 JavaThread "Handler for socket connection from /127.0.0.1:56603 to /127.0.0.1:56605" [_thread_in_native, id=36292, stack(0x000000001c610000,0x000000001c710000)]
  0x000000001b2bb800 JavaThread "Daemon" [_thread_blocked, id=29224, stack(0x000000001c510000,0x000000001c610000)]
  0x000000001b25e000 JavaThread "Daemon periodic checks" [_thread_blocked, id=11372, stack(0x000000001c410000,0x000000001c510000)]
  0x000000001b25b000 JavaThread "Incoming local TCP Connector on port 56603" [_thread_in_native, id=2336, stack(0x000000001c260000,0x000000001c360000)]
  0x000000001b19a000 JavaThread "Daemon health stats" [_thread_blocked, id=23108, stack(0x000000001bf60000,0x000000001c060000)]
  0x0000000018d92000 JavaThread "Service Thread" daemon [_thread_blocked, id=32376, stack(0x00000000195c0000,0x00000000196c0000)]
  0x0000000018d1e000 JavaThread "C1 CompilerThread2" daemon [_thread_in_vm, id=11424, stack(0x00000000194c0000,0x00000000195c0000)]
=>0x0000000018d0d800 JavaThread "C2 CompilerThread1" daemon [_thread_in_native, id=22584, stack(0x00000000193c0000,0x00000000194c0000)]
  0x000000001736d000 JavaThread "C2 CompilerThread0" daemon [_thread_in_native, id=40372, stack(0x00000000192c0000,0x00000000193c0000)]
  0x0000000017362800 JavaThread "Attach Listener" daemon [_thread_blocked, id=17176, stack(0x00000000191c0000,0x00000000192c0000)]
  0x0000000017361000 JavaThread "Signal Dispatcher" daemon [_thread_blocked, id=22552, stack(0x00000000190c0000,0x00000000191c0000)]
  0x000000000379c000 JavaThread "Finalizer" daemon [_thread_blocked, id=38160, stack(0x0000000018bc0000,0x0000000018cc0000)]
  0x000000001733b800 JavaThread "Reference Handler" daemon [_thread_blocked, id=39736, stack(0x0000000018ac0000,0x0000000018bc0000)]
  0x000000000369e000 JavaThread "main" [_thread_blocked, id=28104, stack(0x0000000003510000,0x0000000003610000)]

Other Threads:
  0x0000000017317000 VMThread [stack: 0x00000000189c0000,0x0000000018ac0000] [id=8904]
  0x0000000018d93000 WatcherThread [stack: 0x00000000196c0000,0x00000000197c0000] [id=21228]

VM state:not at safepoint (normal execution)

VM Mutex/Monitor currently owned by a thread:  ([mutex/lock_event])
[0x000000000369c430] CodeCache_lock - owner thread: 0x0000000018d1e000
[0x00000000036a1dd0] Compile_lock - owner thread: 0x0000000018d1e000

heap address: 0x00000000a0000000, size: 1536 MB, Compressed Oops mode: 32-bit
Narrow klass base: 0x0000000000000000, Narrow klass shift: 3
Compressed class space size: 1073741824 Address: 0x0000000100000000

Heap:
 PSYoungGen      total 129024K, used 8125K [0x00000000e0000000, 0x00000000e8a80000, 0x0000000100000000)
  eden space 116224K, 6% used [0x00000000e0000000,0x00000000e07ef580,0x00000000e7180000)
  from space 12800K, 0% used [0x00000000e7180000,0x00000000e7180000,0x00000000e7e00000)
  to   space 10240K, 0% used [0x00000000e8080000,0x00000000e8080000,0x00000000e8a80000)
 ParOldGen       total 124928K, used 17060K [0x00000000a0000000, 0x00000000a7a00000, 0x00000000e0000000)
  object space 124928K, 13% used [0x00000000a0000000,0x00000000a10a9338,0x00000000a7a00000)
 Metaspace       used 34710K, capacity 35574K, committed 35712K, reserved 1079296K
  class space    used 4769K, capacity 4956K, committed 4992K, reserved 1048576K

Card table byte_map: [0x0000000012b60000,0x0000000012e70000] byte_map_base: 0x0000000012660000

Marking Bits: (ParMarkBitMap*) 0x0000000055549f30
 Begin Bits: [0x0000000013670000, 0x0000000014e70000)
 End Bits:   [0x0000000014e70000, 0x0000000016670000)

Polling page: 0x00000000030e0000

CodeCache: size=245760Kb used=10807Kb max_used=10941Kb free=234952Kb
 bounds [0x00000000037a0000, 0x0000000004260000, 0x00000000127a0000]
 total_blobs=3813 nmethods=3110 adapters=615
 compilation: enabled

Compilation events (10 events):
Event: 6.688 Thread 0x0000000018d1e000 3359       3       java.lang.Class::getConstructor0 (103 bytes)
Event: 6.690 Thread 0x0000000018d1e000 nmethod 3359 0x0000000003d172d0 code [0x0000000003d175c0, 0x0000000003d18a98]
Event: 6.692 Thread 0x0000000018d1e000 3360       3       org.codehaus.groovy.reflection.CachedField::isStatic (8 bytes)
Event: 6.693 Thread 0x0000000018d1e000 nmethod 3360 0x0000000003d16d50 code [0x0000000003d16ec0, 0x0000000003d171d0]
Event: 6.705 Thread 0x0000000018d1e000 3361       3       sun.misc.ProxyGenerator$MethodInfo::<init> (86 bytes)
Event: 6.706 Thread 0x0000000018d1e000 nmethod 3361 0x00000000038cf2d0 code [0x00000000038cf520, 0x00000000038cffa8]
Event: 6.706 Thread 0x0000000018d1e000 3362       3       sun.misc.ProxyGenerator::code_astore (11 bytes)
Event: 6.706 Thread 0x0000000018d1e000 nmethod 3362 0x0000000003d16990 code [0x0000000003d16b00, 0x0000000003d16ca8]
Event: 6.706 Thread 0x0000000018d1e000 3364       3       sun.misc.ProxyGenerator::access$1700 (7 bytes)
Event: 6.706 Thread 0x0000000018d1e000 nmethod 3364 0x0000000003d165d0 code [0x0000000003d16740, 0x0000000003d168a8]

GC Heap History (10 events):
Event: 3.753 GC heap before
{Heap before GC invocations=5 (full 1):
 PSYoungGen      total 76288K, used 7329K [0x00000000e0000000, 0x00000000e5500000, 0x0000000100000000)
  eden space 65536K, 0% used [0x00000000e0000000,0x00000000e0000000,0x00000000e4000000)
  from space 10752K, 68% used [0x00000000e4a80000,0x00000000e51a87b0,0x00000000e5500000)
  to   space 10752K, 0% used [0x00000000e4000000,0x00000000e4000000,0x00000000e4a80000)
 ParOldGen       total 175104K, used 1950K [0x00000000a0000000, 0x00000000aab00000, 0x00000000e0000000)
  object space 175104K, 1% used [0x00000000a0000000,0x00000000a01e7b30,0x00000000aab00000)
 Metaspace       used 20705K, capacity 21140K, committed 21296K, reserved 1067008K
  class space    used 2984K, capacity 3138K, committed 3200K, reserved 1048576K
Event: 3.807 GC heap after
Heap after GC invocations=5 (full 1):
 PSYoungGen      total 76288K, used 0K [0x00000000e0000000, 0x00000000e5500000, 0x0000000100000000)
  eden space 65536K, 0% used [0x00000000e0000000,0x00000000e0000000,0x00000000e4000000)
  from space 10752K, 0% used [0x00000000e4a80000,0x00000000e4a80000,0x00000000e5500000)
  to   space 10752K, 0% used [0x00000000e4000000,0x00000000e4000000,0x00000000e4a80000)
 ParOldGen       total 85504K, used 7245K [0x00000000a0000000, 0x00000000a5380000, 0x00000000e0000000)
  object space 85504K, 8% used [0x00000000a0000000,0x00000000a0713428,0x00000000a5380000)
 Metaspace       used 20705K, capacity 21140K, committed 21296K, reserved 1067008K
  class space    used 2984K, capacity 3138K, committed 3200K, reserved 1048576K
}
Event: 5.065 GC heap before
{Heap before GC invocations=6 (full 1):
 PSYoungGen      total 76288K, used 65536K [0x00000000e0000000, 0x00000000e5500000, 0x0000000100000000)
  eden space 65536K, 100% used [0x00000000e0000000,0x00000000e4000000,0x00000000e4000000)
  from space 10752K, 0% used [0x00000000e4a80000,0x00000000e4a80000,0x00000000e5500000)
  to   space 10752K, 0% used [0x00000000e4000000,0x00000000e4000000,0x00000000e4a80000)
 ParOldGen       total 85504K, used 7245K [0x00000000a0000000, 0x00000000a5380000, 0x00000000e0000000)
  object space 85504K, 8% used [0x00000000a0000000,0x00000000a0713428,0x00000000a5380000)
 Metaspace       used 28717K, capacity 29150K, committed 29440K, reserved 1075200K
  class space    used 3854K, capacity 4012K, committed 4096K, reserved 1048576K
Event: 5.071 GC heap after
Heap after GC invocations=6 (full 1):
 PSYoungGen      total 76288K, used 7850K [0x00000000e0000000, 0x00000000e8d80000, 0x0000000100000000)
  eden space 65536K, 0% used [0x00000000e0000000,0x00000000e0000000,0x00000000e4000000)
  from space 10752K, 73% used [0x00000000e4000000,0x00000000e47aa800,0x00000000e4a80000)
  to   space 13312K, 0% used [0x00000000e8080000,0x00000000e8080000,0x00000000e8d80000)
 ParOldGen       total 85504K, used 7253K [0x00000000a0000000, 0x00000000a5380000, 0x00000000e0000000)
  object space 85504K, 8% used [0x00000000a0000000,0x00000000a0715428,0x00000000a5380000)
 Metaspace       used 28717K, capacity 29150K, committed 29440K, reserved 1075200K
  class space    used 3854K, capacity 4012K, committed 4096K, reserved 1048576K
}
Event: 5.579 GC heap before
{Heap before GC invocations=7 (full 1):
 PSYoungGen      total 76288K, used 73386K [0x00000000e0000000, 0x00000000e8d80000, 0x0000000100000000)
  eden space 65536K, 100% used [0x00000000e0000000,0x00000000e4000000,0x00000000e4000000)
  from space 10752K, 73% used [0x00000000e4000000,0x00000000e47aa800,0x00000000e4a80000)
  to   space 13312K, 0% used [0x00000000e8080000,0x00000000e8080000,0x00000000e8d80000)
 ParOldGen       total 85504K, used 7253K [0x00000000a0000000, 0x00000000a5380000, 0x00000000e0000000)
  object space 85504K, 8% used [0x00000000a0000000,0x00000000a0715428,0x00000000a5380000)
 Metaspace       used 31704K, capacity 32168K, committed 32512K, reserved 1077248K
  class space    used 4339K, capacity 4503K, committed 4608K, reserved 1048576K
Event: 5.588 GC heap after
Heap after GC invocations=7 (full 1):
 PSYoungGen      total 126464K, used 8333K [0x00000000e0000000, 0x00000000e8a80000, 0x0000000100000000)
  eden space 116224K, 0% used [0x00000000e0000000,0x00000000e0000000,0x00000000e7180000)
  from space 10240K, 81% used [0x00000000e8080000,0x00000000e88a36e0,0x00000000e8a80000)
  to   space 12800K, 0% used [0x00000000e7180000,0x00000000e7180000,0x00000000e7e00000)
 ParOldGen       total 85504K, used 7261K [0x00000000a0000000, 0x00000000a5380000, 0x00000000e0000000)
  object space 85504K, 8% used [0x00000000a0000000,0x00000000a0717428,0x00000000a5380000)
 Metaspace       used 31704K, capacity 32168K, committed 32512K, reserved 1077248K
  class space    used 4339K, capacity 4503K, committed 4608K, reserved 1048576K
}
Event: 6.507 GC heap before
{Heap before GC invocations=8 (full 1):
 PSYoungGen      total 126464K, used 69877K [0x00000000e0000000, 0x00000000e8a80000, 0x0000000100000000)
  eden space 116224K, 52% used [0x00000000e0000000,0x00000000e3c19ff8,0x00000000e7180000)
  from space 10240K, 81% used [0x00000000e8080000,0x00000000e88a36e0,0x00000000e8a80000)
  to   space 12800K, 0% used [0x00000000e7180000,0x00000000e7180000,0x00000000e7e00000)
 ParOldGen       total 85504K, used 7261K [0x00000000a0000000, 0x00000000a5380000, 0x00000000e0000000)
  object space 85504K, 8% used [0x00000000a0000000,0x00000000a0717428,0x00000000a5380000)
 Metaspace       used 34552K, capacity 35356K, committed 35456K, reserved 1079296K
  class space    used 4737K, capacity 4947K, committed 4992K, reserved 1048576K
Event: 6.520 GC heap after
Heap after GC invocations=8 (full 1):
 PSYoungGen      total 129024K, used 10394K [0x00000000e0000000, 0x00000000e8a80000, 0x0000000100000000)
  eden space 116224K, 0% used [0x00000000e0000000,0x00000000e0000000,0x00000000e7180000)
  from space 12800K, 81% used [0x00000000e7180000,0x00000000e7ba6ae0,0x00000000e7e00000)
  to   space 10240K, 0% used [0x00000000e8080000,0x00000000e8080000,0x00000000e8a80000)
 ParOldGen       total 85504K, used 7269K [0x00000000a0000000, 0x00000000a5380000, 0x00000000e0000000)
  object space 85504K, 8% used [0x00000000a0000000,0x00000000a0719428,0x00000000a5380000)
 Metaspace       used 34552K, capacity 35356K, committed 35456K, reserved 1079296K
  class space    used 4737K, capacity 4947K, committed 4992K, reserved 1048576K
}
Event: 6.520 GC heap before
{Heap before GC invocations=9 (full 2):
 PSYoungGen      total 129024K, used 10394K [0x00000000e0000000, 0x00000000e8a80000, 0x0000000100000000)
  eden space 116224K, 0% used [0x00000000e0000000,0x00000000e0000000,0x00000000e7180000)
  from space 12800K, 81% used [0x00000000e7180000,0x00000000e7ba6ae0,0x00000000e7e00000)
  to   space 10240K, 0% used [0x00000000e8080000,0x00000000e8080000,0x00000000e8a80000)
 ParOldGen       total 85504K, used 7269K [0x00000000a0000000, 0x00000000a5380000, 0x00000000e0000000)
  object space 85504K, 8% used [0x00000000a0000000,0x00000000a0719428,0x00000000a5380000)
 Metaspace       used 34552K, capacity 35356K, committed 35456K, reserved 1079296K
  class space    used 4737K, capacity 4947K, committed 4992K, reserved 1048576K
Event: 6.609 GC heap after
Heap after GC invocations=9 (full 2):
 PSYoungGen      total 129024K, used 0K [0x00000000e0000000, 0x00000000e8a80000, 0x0000000100000000)
  eden space 116224K, 0% used [0x00000000e0000000,0x00000000e0000000,0x00000000e7180000)
  from space 12800K, 0% used [0x00000000e7180000,0x00000000e7180000,0x00000000e7e00000)
  to   space 10240K, 0% used [0x00000000e8080000,0x00000000e8080000,0x00000000e8a80000)
 ParOldGen       total 124928K, used 17060K [0x00000000a0000000, 0x00000000a7a00000, 0x00000000e0000000)
  object space 124928K, 13% used [0x00000000a0000000,0x00000000a10a9338,0x00000000a7a00000)
 Metaspace       used 34542K, capacity 35326K, committed 35456K, reserved 1079296K
  class space    used 4734K, capacity 4942K, committed 4992K, reserved 1048576K
}

Deoptimization events (10 events):
Event: 4.827 Thread 0x000000001b2f2000 Uncommon trap: reason=unstable_if action=reinterpret pc=0x0000000003a7e670 method=java.util.LinkedHashMap.afterNodeInsertion(Z)V @ 1
Event: 5.024 Thread 0x000000001b2f2000 Uncommon trap: reason=class_check action=maybe_recompile pc=0x0000000003dc6870 method=sun.misc.URLClassPath.getLoader(I)Lsun/misc/URLClassPath$Loader; @ 94
Event: 5.033 Thread 0x000000001b2f2000 Uncommon trap: reason=class_check action=maybe_recompile pc=0x0000000003dcf040 method=sun.misc.URLClassPath.getLoader(I)Lsun/misc/URLClassPath$Loader; @ 239
Event: 5.139 Thread 0x000000001b2f2000 Uncommon trap: reason=unstable_if action=reinterpret pc=0x0000000003a5b47c method=java.io.WinNTFileSystem.resolve(Ljava/lang/String;Ljava/lang/String;)Ljava/lang/String; @ 49
Event: 6.447 Thread 0x000000001b2f2000 Uncommon trap: reason=unstable_if action=reinterpret pc=0x0000000003c2ce20 method=java.util.WeakHashMap.expungeStaleEntries()V @ 66
Event: 6.481 Thread 0x000000001b2f2000 Uncommon trap: reason=range_check action=make_not_entrant pc=0x0000000004134ed4 method=java.lang.String.charAt(I)C @ 27
Event: 6.696 Thread 0x000000001b2f2000 Uncommon trap: reason=bimorphic action=maybe_recompile pc=0x000000000400014c method=java.lang.ClassLoader.getPackage(Ljava/lang/String;)Ljava/lang/Package; @ 47
Event: 6.696 Thread 0x000000001b2f2000 Uncommon trap: reason=bimorphic action=maybe_recompile pc=0x0000000003d84fdc method=java.lang.ClassLoader.getPackage(Ljava/lang/String;)Ljava/lang/Package; @ 47
Event: 6.696 Thread 0x000000001b2f2000 Uncommon trap: reason=bimorphic action=maybe_recompile pc=0x0000000003d84fdc method=java.lang.ClassLoader.getPackage(Ljava/lang/String;)Ljava/lang/Package; @ 47
Event: 6.696 Thread 0x000000001b2f2000 Uncommon trap: reason=bimorphic action=maybe_recompile pc=0x0000000003d84fdc method=java.lang.ClassLoader.getPackage(Ljava/lang/String;)Ljava/lang/Package; @ 47

Classes redefined (0 events):
No events

Internal exceptions (10 events):
Event: 6.633 Thread 0x000000001b2f2000 Exception <a 'java/lang/ClassNotFoundException': org/gradle/api/internal/AbstractTaskBeanInfo> (0x00000000e0258798) thrown at [D:\src\AOSP-openjdk-cygwin\jdk8u\hotspot\src\share\vm\classfile\systemDictionary.cpp, line 210]
Event: 6.634 Thread 0x000000001b2f2000 Exception <a 'java/lang/ClassNotFoundException': org/gradle/api/internal/AbstractTaskCustomizer> (0x00000000e028b660) thrown at [D:\src\AOSP-openjdk-cygwin\jdk8u\hotspot\src\share\vm\classfile\systemDictionary.cpp, line 210]
Event: 6.636 Thread 0x000000001b2f2000 Exception <a 'java/lang/ClassNotFoundException': org/gradle/api/DefaultTaskCustomizer> (0x00000000e03170e0) thrown at [D:\src\AOSP-openjdk-cygwin\jdk8u\hotspot\src\share\vm\classfile\systemDictionary.cpp, line 210]
Event: 6.637 Thread 0x000000001b2f2000 Exception <a 'java/lang/ClassNotFoundException': org/gradle/api/internal/ConventionTaskCustomizer> (0x00000000e0359748) thrown at [D:\src\AOSP-openjdk-cygwin\jdk8u\hotspot\src\share\vm\classfile\systemDictionary.cpp, line 210]
Event: 6.638 Thread 0x000000001b2f2000 Exception <a 'java/lang/ClassNotFoundException': org/gradle/api/tasks/DeleteCustomizer> (0x00000000e0398798) thrown at [D:\src\AOSP-openjdk-cygwin\jdk8u\hotspot\src\share\vm\classfile\systemDictionary.cpp, line 210]
Event: 6.641 Thread 0x000000001b2f2000 Exception <a 'java/lang/ClassNotFoundException': org/gradle/api/tasks/Delete_DecoratedCustomizer> (0x00000000e03e5340) thrown at [D:\src\AOSP-openjdk-cygwin\jdk8u\hotspot\src\share\vm\classfile\systemDictionary.cpp, line 210]
Event: 6.685 Thread 0x000000001b2f2000 Exception <a 'java/lang/ClassNotFoundException': build_6wjlgvlhu7almeo8543bkl6fcBeanInfo> (0x00000000e04faea8) thrown at [D:\src\AOSP-openjdk-cygwin\jdk8u\hotspot\src\share\vm\classfile\systemDictionary.cpp, line 210]
Event: 6.685 Thread 0x000000001b2f2000 Exception <a 'java/lang/ClassNotFoundException': build_6wjlgvlhu7almeo8543bkl6fcCustomizer> (0x00000000e05078b8) thrown at [D:\src\AOSP-openjdk-cygwin\jdk8u\hotspot\src\share\vm\classfile\systemDictionary.cpp, line 210]
Event: 6.691 Thread 0x000000001b2f2000 Exception <a 'java/lang/ClassNotFoundException': org/gradle/api/internal/plugins/DefaultObjectConfigurationActionBeanInfo> (0x00000000e057de88) thrown at [D:\src\AOSP-openjdk-cygwin\jdk8u\hotspot\src\share\vm\classfile\systemDictionary.cpp, line 210]
Event: 6.691 Thread 0x000000001b2f2000 Exception <a 'java/lang/ClassNotFoundException': org/gradle/api/internal/plugins/DefaultObjectConfigurationActionCustomizer> (0x00000000e05c0ce8) thrown at [D:\src\AOSP-openjdk-cygwin\jdk8u\hotspot\src\share\vm\classfile\systemDictionary.cpp, line 210]

Events (10 events):
Event: 6.706 loading class kotlin/Deprecated
Event: 6.706 loading class kotlin/Deprecated done
Event: 6.706 loading class kotlin/Deprecated
Event: 6.706 loading class kotlin/Deprecated done
Event: 6.707 loading class kotlin/ReplaceWith
Event: 6.707 loading class kotlin/ReplaceWith done
Event: 6.707 loading class kotlin/DeprecationLevel
Event: 6.707 loading class kotlin/DeprecationLevel done
Event: 6.707 loading class kotlin/annotation/MustBeDocumented
Event: 6.707 loading class kotlin/annotation/MustBeDocumented done


Dynamic libraries:
0x00007ff6ec370000 - 0x00007ff6ec3a1000 	D:\Program Files\Android\Android Studio\jre\bin\java.exe
0x00007ff9dd1c0000 - 0x00007ff9dd3b0000 	C:\Windows\SYSTEM32\ntdll.dll
0x00007ff9dbab0000 - 0x00007ff9dbb62000 	C:\Windows\System32\KERNEL32.DLL
0x00007ff9dad80000 - 0x00007ff9db024000 	C:\Windows\System32\KERNELBASE.dll
0x00007ff9dc390000 - 0x00007ff9dc433000 	C:\Windows\System32\ADVAPI32.dll
0x00007ff9dc440000 - 0x00007ff9dc4de000 	C:\Windows\System32\msvcrt.dll
0x00007ff9db5b0000 - 0x00007ff9db647000 	C:\Windows\System32\sechost.dll
0x00007ff9db760000 - 0x00007ff9db880000 	C:\Windows\System32\RPCRT4.dll
0x00007ff9dc170000 - 0x00007ff9dc304000 	C:\Windows\System32\USER32.dll
0x00007ff9dacd0000 - 0x00007ff9dacf1000 	C:\Windows\System32\win32u.dll
0x00007ff9db6d0000 - 0x00007ff9db6f6000 	C:\Windows\System32\GDI32.dll
0x00007ff9da300000 - 0x00007ff9da495000 	C:\Windows\System32\gdi32full.dll
0x00007ff9db080000 - 0x00007ff9db11e000 	C:\Windows\System32\msvcp_win.dll
0x00007ff9db170000 - 0x00007ff9db26a000 	C:\Windows\System32\ucrtbase.dll
0x00007ff9cfac0000 - 0x00007ff9cfd44000 	C:\Windows\WinSxS\amd64_microsoft.windows.common-controls_6595b64144ccf1df_6.0.18362.900_none_e6beb9d913147d17\COMCTL32.dll
0x00007ff9db270000 - 0x00007ff9db5a5000 	C:\Windows\System32\combase.dll
0x00007ff9dad00000 - 0x00007ff9dad80000 	C:\Windows\System32\bcryptPrimitives.dll
0x00007ff9dc0c0000 - 0x00007ff9dc0ee000 	C:\Windows\System32\IMM32.DLL
0x0000000054110000 - 0x00000000541e2000 	D:\Program Files\Android\Android Studio\jre\jre\bin\msvcr100.dll
0x0000000054d80000 - 0x00000000555c6000 	D:\Program Files\Android\Android Studio\jre\jre\bin\server\jvm.dll
0x00007ff9db9d0000 - 0x00007ff9db9d8000 	C:\Windows\System32\PSAPI.DLL
0x00007ff9d1eb0000 - 0x00007ff9d1eb9000 	C:\Windows\SYSTEM32\WSOCK32.dll
0x00007ff9d6bd0000 - 0x00007ff9d6bf4000 	C:\Windows\SYSTEM32\WINMM.dll
0x00007ff9dc0f0000 - 0x00007ff9dc15f000 	C:\Windows\System32\WS2_32.dll
0x00007ff9d5750000 - 0x00007ff9d575a000 	C:\Windows\SYSTEM32\VERSION.dll
0x00007ff9d6b90000 - 0x00007ff9d6bbd000 	C:\Windows\SYSTEM32\WINMMBASE.dll
0x00007ff9db030000 - 0x00007ff9db07a000 	C:\Windows\System32\cfgmgr32.dll
0x00007ff9d2150000 - 0x00007ff9d215f000 	D:\Program Files\Android\Android Studio\jre\jre\bin\verify.dll
0x00007ff9c7f30000 - 0x00007ff9c7f59000 	D:\Program Files\Android\Android Studio\jre\jre\bin\java.dll
0x00007ff9c4140000 - 0x00007ff9c4156000 	D:\Program Files\Android\Android Studio\jre\jre\bin\zip.dll
0x00007ff9dc7f0000 - 0x00007ff9dced6000 	C:\Windows\System32\SHELL32.dll
0x00007ff9dc740000 - 0x00007ff9dc7e9000 	C:\Windows\System32\shcore.dll
0x00007ff9da550000 - 0x00007ff9dacd0000 	C:\Windows\System32\windows.storage.dll
0x00007ff9da0b0000 - 0x00007ff9da0d3000 	C:\Windows\System32\profapi.dll
0x00007ff9da100000 - 0x00007ff9da14a000 	C:\Windows\System32\powrprof.dll
0x00007ff9da080000 - 0x00007ff9da090000 	C:\Windows\System32\UMPDC.dll
0x00007ff9dc330000 - 0x00007ff9dc382000 	C:\Windows\System32\shlwapi.dll
0x00007ff9da090000 - 0x00007ff9da0a1000 	C:\Windows\System32\kernel.appcore.dll
0x00007ff9db150000 - 0x00007ff9db167000 	C:\Windows\System32\cryptsp.dll
0x00007ff9c4120000 - 0x00007ff9c413a000 	D:\Program Files\Android\Android Studio\jre\jre\bin\net.dll
0x00007ff9cd040000 - 0x00007ff9cd216000 	C:\Windows\SYSTEM32\urlmon.dll
0x00007ff9d0110000 - 0x00007ff9d03b6000 	C:\Windows\SYSTEM32\iertutil.dll
0x00007ff9d9ac0000 - 0x00007ff9d9acc000 	C:\Windows\SYSTEM32\CRYPTBASE.DLL
0x00007ff9d98f0000 - 0x00007ff9d9957000 	C:\Windows\system32\mswsock.dll
0x00007ff9c4100000 - 0x00007ff9c4113000 	D:\Program Files\Android\Android Studio\jre\jre\bin\nio.dll
0x00007ff9b5670000 - 0x00007ff9b5696000 	C:\Users\admin\.gradle\native\30\windows-amd64\native-platform.dll
0x00007ff9ca890000 - 0x00007ff9ca89d000 	D:\Program Files\Android\Android Studio\jre\jre\bin\management.dll
0x00007ff9d9460000 - 0x00007ff9d9493000 	C:\Windows\system32\rsaenh.dll
0x00007ff9db120000 - 0x00007ff9db146000 	C:\Windows\System32\bcrypt.dll
0x00007ff9d9fa0000 - 0x00007ff9d9fc5000 	C:\Windows\SYSTEM32\USERENV.dll
0x00007ff9d9600000 - 0x00007ff9d963a000 	C:\Windows\SYSTEM32\IPHLPAPI.DLL
0x00007ff9dc0b0000 - 0x00007ff9dc0b8000 	C:\Windows\System32\NSI.dll
0x00007ff9d4cf0000 - 0x00007ff9d4d06000 	C:\Windows\SYSTEM32\dhcpcsvc6.DLL
0x00007ff9d4c60000 - 0x00007ff9d4c7c000 	C:\Windows\SYSTEM32\dhcpcsvc.DLL
0x00007ff9d9640000 - 0x00007ff9d970b000 	C:\Windows\SYSTEM32\DNSAPI.dll

VM Arguments:
jvm_args: -Xmx1536m -Dfile.encoding=GBK -Duser.country=CN -Duser.language=zh -Duser.variant 
java_command: org.gradle.launcher.daemon.bootstrap.GradleDaemon 5.6.4
java_class_path (initial): C:\Users\admin\.gradle\wrapper\dists\gradle-5.6.4-all\ankdp27end7byghfw1q2sw75f\gradle-5.6.4\lib\gradle-launcher-5.6.4.jar
Launcher Type: SUN_STANDARD

Environment Variables:
JAVA_HOME=D:\Java\jdk\
CLASSPATH=D:\Java\jdk\lib
PATH=C:\ProgramData\Oracle\Java\javapath;C:\Python27\;C:\Windows\system32;C:\Windows;C:\Windows\System32\Wbem;C:\Windows\System32\WindowsPowerShell\v1.0\;C:\Windows\System32\OpenSSH\;C:\Program Files\TortoiseSVN\bin;C:\Program Files (x86)\GtkSharp\2.12\bin;C:\Program Files\dotnet\;C:\Program Files (x86)\NVIDIA Corporation\PhysX\Common;C:\Program Files\NVIDIA Corporation\NVIDIA NvDLISR;C:\Program Files\Java\jdk-13.0.2\bin;D:\ChromeCoreDownloads\AndroidSDK\AndroidSDK\platform-tools;D:\ChromeCoreDownloads\AndroidSDK\AndroidSDK\tools;D:\Program Files\Microsoft VS Code\bin;D:\ChromeCoreDownloads\AndroidSDK\AndroidSDK\tools;D:\ChromeCoreDownloads\AndroidSDK\AndroidSDK\platform-tools;D:\Java\jdk\bin;C:\Users\admin\AppData\Local\Microsoft\WindowsApps;C:\Users\admin\AppData\Local\BypassRuntm
USERNAME=admin
OS=Windows_NT
PROCESSOR_IDENTIFIER=Intel64 Family 6 Model 158 Stepping 10, GenuineIntel



---------------  S Y S T E M  ---------------

OS: Windows 10.0 , 64 bit Build 18362 (10.0.18362.900)

CPU:total 6 (initial active 6) (6 cores per cpu, 1 threads per core) family 6 model 158 stepping 10, cmov, cx8, fxsr, mmx, sse, sse2, sse3, ssse3, sse4.1, sse4.2, popcnt, avx, avx2, aes, clmul, erms, 3dnowpref, lzcnt, tsc, tscinvbit, bmi1, bmi2, adx

Memory: 4k page, physical 16733928k(495720k free), swap 46037236k(6040k free)

vm_info: OpenJDK 64-Bit Server VM (25.212-b04) for windows-amd64 JRE (1.8.0_212-release-1586-b04), built by "builder" with MS VC++ 10.0 (VS2010)

time: Thu Jul 16 16:01:36 2020
timezone: 中国标准时间
elapsed time: 6 seconds (0d 0h 0m 6s)

