C:\Program Files (x86)\MSBuild\Microsoft.Cpp\v4.0\V140\Microsoft.CppBuild.targets(392,5): warning MSB8028: The intermediate directory (Release\) contains files shared from another project (libprotobuf-lite.vcxproj, libprotobuf.vcxproj, protoc.vcxproj).  This can lead to incorrect clean and rebuild behavior.
  code_generator.cc
  command_line_interface.cc
  cpp_enum.cc
  cpp_enum_field.cc
  cpp_extension.cc
  cpp_field.cc
  cpp_file.cc
  cpp_generator.cc
  cpp_helpers.cc
  cpp_message.cc
  cpp_message_field.cc
  cpp_primitive_field.cc
  cpp_service.cc
  cpp_string_field.cc
  java_enum.cc
  java_enum_field.cc
  java_extension.cc
  java_field.cc
  java_file.cc
  java_generator.cc
  正在生成代码...
  正在编译...
  java_helpers.cc
  java_message.cc
  java_message_field.cc
  java_primitive_field.cc
  java_service.cc
  java_string_field.cc
  plugin.cc
  plugin.pb.cc
  python_generator.cc
  subprocess.cc
  zip_writer.cc
  正在生成代码...
  libprotoc.vcxproj -> E:\Loong\gen-lua\protobuf-2.4.1\vsprojects\Release\libprotoc.lib
