C:\Program Files (x86)\MSBuild\Microsoft.Cpp\v4.0\V140\Microsoft.CppBuild.targets(392,5): warning MSB8028: The intermediate directory (Release\) contains files shared from another project (libprotoc.vcxproj, protoc.vcxproj).  This can lead to incorrect clean and rebuild behavior.
  importer.cc
  parser.cc
  descriptor.cc
  descriptor.pb.cc
  descriptor_database.cc
  dynamic_message.cc
  extension_set.cc
  extension_set_heavy.cc
  generated_message_reflection.cc
  generated_message_util.cc
  coded_stream.cc
  gzip_stream.cc
  printer.cc
  tokenizer.cc
  zero_copy_stream.cc
  zero_copy_stream_impl.cc
  zero_copy_stream_impl_lite.cc
  message.cc
  message_lite.cc
  reflection_ops.cc
  正在生成代码...
  正在编译...
  repeated_field.cc
  service.cc
  common.cc
  once.cc
  structurally_valid.cc
  strutil.cc
  substitute.cc
  text_format.cc
  unknown_field_set.cc
  wire_format.cc
  wire_format_lite.cc
  正在生成代码...
  libprotobuf.vcxproj -> E:\Loong\gen-lua\protobuf-2.4.1\vsprojects\Release\libprotobuf.lib
