e:\loong\gen-lua\protobuf-2.4.1\vsprojects\release\libprotobuf.pdb
e:\loong\gen-lua\protobuf-2.4.1\vsprojects\release\reflection_ops.obj
e:\loong\gen-lua\protobuf-2.4.1\vsprojects\release\message_lite.obj
e:\loong\gen-lua\protobuf-2.4.1\vsprojects\release\message.obj
e:\loong\gen-lua\protobuf-2.4.1\vsprojects\release\zero_copy_stream_impl_lite.obj
e:\loong\gen-lua\protobuf-2.4.1\vsprojects\release\zero_copy_stream_impl.obj
e:\loong\gen-lua\protobuf-2.4.1\vsprojects\release\zero_copy_stream.obj
e:\loong\gen-lua\protobuf-2.4.1\vsprojects\release\tokenizer.obj
e:\loong\gen-lua\protobuf-2.4.1\vsprojects\release\printer.obj
e:\loong\gen-lua\protobuf-2.4.1\vsprojects\release\gzip_stream.obj
e:\loong\gen-lua\protobuf-2.4.1\vsprojects\release\coded_stream.obj
e:\loong\gen-lua\protobuf-2.4.1\vsprojects\release\generated_message_util.obj
e:\loong\gen-lua\protobuf-2.4.1\vsprojects\release\generated_message_reflection.obj
e:\loong\gen-lua\protobuf-2.4.1\vsprojects\release\extension_set_heavy.obj
e:\loong\gen-lua\protobuf-2.4.1\vsprojects\release\extension_set.obj
e:\loong\gen-lua\protobuf-2.4.1\vsprojects\release\dynamic_message.obj
e:\loong\gen-lua\protobuf-2.4.1\vsprojects\release\descriptor_database.obj
e:\loong\gen-lua\protobuf-2.4.1\vsprojects\release\descriptor.pb.obj
e:\loong\gen-lua\protobuf-2.4.1\vsprojects\release\descriptor.obj
e:\loong\gen-lua\protobuf-2.4.1\vsprojects\release\parser.obj
e:\loong\gen-lua\protobuf-2.4.1\vsprojects\release\importer.obj
e:\loong\gen-lua\protobuf-2.4.1\vsprojects\release\wire_format_lite.obj
e:\loong\gen-lua\protobuf-2.4.1\vsprojects\release\wire_format.obj
e:\loong\gen-lua\protobuf-2.4.1\vsprojects\release\unknown_field_set.obj
e:\loong\gen-lua\protobuf-2.4.1\vsprojects\release\text_format.obj
e:\loong\gen-lua\protobuf-2.4.1\vsprojects\release\substitute.obj
e:\loong\gen-lua\protobuf-2.4.1\vsprojects\release\strutil.obj
e:\loong\gen-lua\protobuf-2.4.1\vsprojects\release\structurally_valid.obj
e:\loong\gen-lua\protobuf-2.4.1\vsprojects\release\once.obj
e:\loong\gen-lua\protobuf-2.4.1\vsprojects\release\common.obj
e:\loong\gen-lua\protobuf-2.4.1\vsprojects\release\service.obj
e:\loong\gen-lua\protobuf-2.4.1\vsprojects\release\repeated_field.obj
e:\loong\gen-lua\protobuf-2.4.1\vsprojects\release\libprotobuf.lib
e:\loong\gen-lua\protobuf-2.4.1\vsprojects\release\main.obj
e:\loong\gen-lua\protobuf-2.4.1\vsprojects\release\protoc.pdb
e:\loong\gen-lua\protobuf-2.4.1\vsprojects\release\vc140.pdb
e:\loong\gen-lua\protobuf-2.4.1\vsprojects\release\libprotobuf.tlog\cl.command.1.tlog
e:\loong\gen-lua\protobuf-2.4.1\vsprojects\release\libprotobuf.tlog\cl.read.1.tlog
e:\loong\gen-lua\protobuf-2.4.1\vsprojects\release\libprotobuf.tlog\cl.write.1.tlog
e:\loong\gen-lua\protobuf-2.4.1\vsprojects\release\libprotobuf.tlog\lib-link.read.1.tlog
e:\loong\gen-lua\protobuf-2.4.1\vsprojects\release\libprotobuf.tlog\lib-link.write.1.tlog
e:\loong\gen-lua\protobuf-2.4.1\vsprojects\release\libprotobuf.tlog\lib.command.1.tlog
