e:\loong\gen-lua\protobuf-2.4.1\vsprojects\release\libprotobuf-lite.pdb
e:\loong\gen-lua\protobuf-2.4.1\vsprojects\release\wire_format_lite.obj
e:\loong\gen-lua\protobuf-2.4.1\vsprojects\release\once.obj
e:\loong\gen-lua\protobuf-2.4.1\vsprojects\release\common.obj
e:\loong\gen-lua\protobuf-2.4.1\vsprojects\release\repeated_field.obj
e:\loong\gen-lua\protobuf-2.4.1\vsprojects\release\message_lite.obj
e:\loong\gen-lua\protobuf-2.4.1\vsprojects\release\zero_copy_stream_impl_lite.obj
e:\loong\gen-lua\protobuf-2.4.1\vsprojects\release\zero_copy_stream.obj
e:\loong\gen-lua\protobuf-2.4.1\vsprojects\release\coded_stream.obj
e:\loong\gen-lua\protobuf-2.4.1\vsprojects\release\generated_message_util.obj
e:\loong\gen-lua\protobuf-2.4.1\vsprojects\release\extension_set.obj
e:\loong\gen-lua\protobuf-2.4.1\vsprojects\release\libprotobuf-lite.lib
e:\loong\gen-lua\protobuf-2.4.1\vsprojects\release\main.obj
e:\loong\gen-lua\protobuf-2.4.1\vsprojects\release\protoc.pdb
e:\loong\gen-lua\protobuf-2.4.1\vsprojects\release\vc140.pdb
e:\loong\gen-lua\protobuf-2.4.1\vsprojects\release\libprotobuf-lite.tlog\cl.command.1.tlog
e:\loong\gen-lua\protobuf-2.4.1\vsprojects\release\libprotobuf-lite.tlog\cl.read.1.tlog
e:\loong\gen-lua\protobuf-2.4.1\vsprojects\release\libprotobuf-lite.tlog\cl.write.1.tlog
e:\loong\gen-lua\protobuf-2.4.1\vsprojects\release\libprotobuf-lite.tlog\lib-link.read.1.tlog
e:\loong\gen-lua\protobuf-2.4.1\vsprojects\release\libprotobuf-lite.tlog\lib-link.write.1.tlog
e:\loong\gen-lua\protobuf-2.4.1\vsprojects\release\libprotobuf-lite.tlog\lib.command.1.tlog
