e:\loong\gen-lua\protobuf-2.4.1\vsprojects\release\vc140.pdb
e:\loong\gen-lua\protobuf-2.4.1\vsprojects\release\main.obj
e:\loong\gen-lua\protobuf-2.4.1\vsprojects\release\protoc.exe
e:\loong\gen-lua\protobuf-2.4.1\vsprojects\release\protoc.pdb
e:\loong\gen-lua\protobuf-2.4.1\vsprojects\release\code_generator.obj
e:\loong\gen-lua\protobuf-2.4.1\vsprojects\release\command_line_interface.obj
e:\loong\gen-lua\protobuf-2.4.1\vsprojects\release\cpp_enum.obj
e:\loong\gen-lua\protobuf-2.4.1\vsprojects\release\cpp_enum_field.obj
e:\loong\gen-lua\protobuf-2.4.1\vsprojects\release\cpp_extension.obj
e:\loong\gen-lua\protobuf-2.4.1\vsprojects\release\cpp_field.obj
e:\loong\gen-lua\protobuf-2.4.1\vsprojects\release\cpp_file.obj
e:\loong\gen-lua\protobuf-2.4.1\vsprojects\release\cpp_generator.obj
e:\loong\gen-lua\protobuf-2.4.1\vsprojects\release\cpp_helpers.obj
e:\loong\gen-lua\protobuf-2.4.1\vsprojects\release\cpp_message.obj
e:\loong\gen-lua\protobuf-2.4.1\vsprojects\release\cpp_message_field.obj
e:\loong\gen-lua\protobuf-2.4.1\vsprojects\release\cpp_primitive_field.obj
e:\loong\gen-lua\protobuf-2.4.1\vsprojects\release\cpp_service.obj
e:\loong\gen-lua\protobuf-2.4.1\vsprojects\release\cpp_string_field.obj
e:\loong\gen-lua\protobuf-2.4.1\vsprojects\release\java_enum.obj
e:\loong\gen-lua\protobuf-2.4.1\vsprojects\release\java_enum_field.obj
e:\loong\gen-lua\protobuf-2.4.1\vsprojects\release\java_extension.obj
e:\loong\gen-lua\protobuf-2.4.1\vsprojects\release\java_field.obj
e:\loong\gen-lua\protobuf-2.4.1\vsprojects\release\java_file.obj
e:\loong\gen-lua\protobuf-2.4.1\vsprojects\release\java_generator.obj
e:\loong\gen-lua\protobuf-2.4.1\vsprojects\release\java_helpers.obj
e:\loong\gen-lua\protobuf-2.4.1\vsprojects\release\java_message.obj
e:\loong\gen-lua\protobuf-2.4.1\vsprojects\release\java_message_field.obj
e:\loong\gen-lua\protobuf-2.4.1\vsprojects\release\java_primitive_field.obj
e:\loong\gen-lua\protobuf-2.4.1\vsprojects\release\java_service.obj
e:\loong\gen-lua\protobuf-2.4.1\vsprojects\release\java_string_field.obj
e:\loong\gen-lua\protobuf-2.4.1\vsprojects\release\plugin.obj
e:\loong\gen-lua\protobuf-2.4.1\vsprojects\release\plugin.pb.obj
e:\loong\gen-lua\protobuf-2.4.1\vsprojects\release\python_generator.obj
e:\loong\gen-lua\protobuf-2.4.1\vsprojects\release\subprocess.obj
e:\loong\gen-lua\protobuf-2.4.1\vsprojects\release\zip_writer.obj
e:\loong\gen-lua\protobuf-2.4.1\vsprojects\release\libprotoc.pdb
e:\loong\gen-lua\protobuf-2.4.1\vsprojects\release\protoc.tlog\cl.command.1.tlog
e:\loong\gen-lua\protobuf-2.4.1\vsprojects\release\protoc.tlog\cl.read.1.tlog
e:\loong\gen-lua\protobuf-2.4.1\vsprojects\release\protoc.tlog\cl.write.1.tlog
e:\loong\gen-lua\protobuf-2.4.1\vsprojects\release\protoc.tlog\link.command.1.tlog
e:\loong\gen-lua\protobuf-2.4.1\vsprojects\release\protoc.tlog\link.read.1.tlog
e:\loong\gen-lua\protobuf-2.4.1\vsprojects\release\protoc.tlog\link.write.1.tlog
