e:\loong\gen-lua\protobuf-2.4.1\vsprojects\debug\libprotobuf.pdb
e:\loong\gen-lua\protobuf-2.4.1\vsprojects\debug\libprotobuf.idb
e:\loong\gen-lua\protobuf-2.4.1\vsprojects\debug\gzip_stream.obj
e:\loong\gen-lua\protobuf-2.4.1\vsprojects\debug\printer.obj
e:\loong\gen-lua\protobuf-2.4.1\vsprojects\debug\tokenizer.obj
e:\loong\gen-lua\protobuf-2.4.1\vsprojects\debug\zero_copy_stream.obj
e:\loong\gen-lua\protobuf-2.4.1\vsprojects\debug\zero_copy_stream_impl.obj
e:\loong\gen-lua\protobuf-2.4.1\vsprojects\debug\zero_copy_stream_impl_lite.obj
e:\loong\gen-lua\protobuf-2.4.1\vsprojects\debug\message_lite.obj
e:\loong\gen-lua\protobuf-2.4.1\vsprojects\debug\reflection_ops.obj
e:\loong\gen-lua\protobuf-2.4.1\vsprojects\debug\repeated_field.obj
e:\loong\gen-lua\protobuf-2.4.1\vsprojects\debug\service.obj
e:\loong\gen-lua\protobuf-2.4.1\vsprojects\debug\common.obj
e:\loong\gen-lua\protobuf-2.4.1\vsprojects\debug\once.obj
e:\loong\gen-lua\protobuf-2.4.1\vsprojects\debug\structurally_valid.obj
e:\loong\gen-lua\protobuf-2.4.1\vsprojects\debug\strutil.obj
e:\loong\gen-lua\protobuf-2.4.1\vsprojects\debug\substitute.obj
e:\loong\gen-lua\protobuf-2.4.1\vsprojects\debug\text_format.obj
e:\loong\gen-lua\protobuf-2.4.1\vsprojects\debug\unknown_field_set.obj
e:\loong\gen-lua\protobuf-2.4.1\vsprojects\debug\wire_format.obj
e:\loong\gen-lua\protobuf-2.4.1\vsprojects\debug\wire_format_lite.obj
e:\loong\gen-lua\protobuf-2.4.1\vsprojects\debug\importer.obj
e:\loong\gen-lua\protobuf-2.4.1\vsprojects\debug\descriptor.pb.obj
e:\loong\gen-lua\protobuf-2.4.1\vsprojects\debug\descriptor_database.obj
e:\loong\gen-lua\protobuf-2.4.1\vsprojects\debug\extension_set_heavy.obj
e:\loong\gen-lua\protobuf-2.4.1\vsprojects\debug\generated_message_reflection.obj
e:\loong\gen-lua\protobuf-2.4.1\vsprojects\debug\generated_message_util.obj
e:\loong\gen-lua\protobuf-2.4.1\vsprojects\debug\coded_stream.obj
e:\loong\gen-lua\protobuf-2.4.1\vsprojects\debug\libprotobuf.tlog\cl.command.1.tlog
e:\loong\gen-lua\protobuf-2.4.1\vsprojects\debug\libprotobuf.tlog\cl.read.1.tlog
e:\loong\gen-lua\protobuf-2.4.1\vsprojects\debug\libprotobuf.tlog\cl.write.1.tlog
